<?xml version="1.0" encoding="UTF-8"?>
<testsuite name="hello.storage.FileSystemStorageServiceTests" tests="4" skipped="0" failures="0" errors="0" timestamp="2017-10-10T08:45:04" hostname="192.168.0.104" time="0.018">
  <properties/>
  <testcase name="savePermitted" classname="hello.storage.FileSystemStorageServiceTests" time="0.01"/>
  <testcase name="loadNonExistent" classname="hello.storage.FileSystemStorageServiceTests" time="0.005"/>
  <testcase name="saveNotPermitted" classname="hello.storage.FileSystemStorageServiceTests" time="0.0"/>
  <testcase name="saveAndLoad" classname="hello.storage.FileSystemStorageServiceTests" time="0.001"/>
  <system-out><![CDATA[]]></system-out>
  <system-err><![CDATA[]]></system-err>
</testsuite>
